<?xml version="1.0" encoding="UTF-8"?>
<!-- Generated by org.testng.reporters.JUnitXMLReporter -->
<testsuite ignored="0" hostname="TYSS-Shambhuling" failures="0" tests="4" name="Surefire test" time="0.038" errors="0" timestamp="2025-12-08T11:07:42 IST">
  <testcase classname="pac1.ContactTest" name="createcontactTest" time="0.004"/>
  <testcase classname="pac1.ContactTest" name="modifycontactTEst" time="0.0"/>
  <testcase classname="pac2.OrgTest" name="createorgTest" time="0.001"/>
  <testcase classname="pac2.OrgTest" name="modifyorgTEst" time="0.001"/>
</testsuite> <!-- Surefire test -->
