<?xml version="1.0" encoding="UTF-8"?>
<testsuite xmlns:xsi="http://www.w3.org/2001/XMLSchema-instance" xsi:noNamespaceSchemaLocation="https://maven.apache.org/surefire/maven-surefire-plugin/xsd/surefire-test-report-3.0.xsd" version="3.0" name="TestSuite" time="0.428" tests="4" errors="0" skipped="0" failures="0">
  <properties>
[...]
</properties>
  <testcase name="createcontactTest" classname="pac1.ContactTest" time="0.007">
    <system-out><![CDATA[null==null==null==null
Execute contact TEst
]]></system-out>
    <system-err><![CDATA[SLF4J: Failed to load class "org.slf4j.impl.StaticLoggerBinder".
SLF4J: Defaulting to no-operation (NOP) logger implementation
SLF4J: See http://www.slf4j.org/codes.html#StaticLoggerBinder for further details.
]]></system-err>
  </testcase>
  <testcase name="modifycontactTEst" classname="pac1.ContactTest" time="0.001">
    <system-out><![CDATA[modify contact Test
]]></system-out>
  </testcase>
  <testcase name="createorgTest" classname="pac2.OrgTest" time="0.001">
    <system-out><![CDATA[Execute Org TEst
]]></system-out>
  </testcase>
  <testcase name="modifyorgTEst" classname="pac2.OrgTest" time="0.002">
    <system-out><![CDATA[modify org Test
]]></system-out>
  </testcase>
</testsuite>