<?xml version="1.0" encoding="UTF-8"?>
<testng-results ignored="0" total="4" passed="4" failed="0" skipped="0">
  <reporter-output>
  </reporter-output>
  <suite started-at="2025-12-08T11:07:42 IST" name="Surefire suite" finished-at="2025-12-08T11:07:42 IST" duration-ms="38">
    <groups>
    </groups>
    <test started-at="2025-12-08T11:07:42 IST" name="Surefire test" finished-at="2025-12-08T11:07:42 IST" duration-ms="38">
      <class name="pac1.ContactTest">
        <test-method signature="createcontactTest()[pri:0, instance:pac1.ContactTest@1460a8c0]" started-at="2025-12-08T11:07:42 IST" name="createcontactTest" finished-at="2025-12-08T11:07:42 IST" duration-ms="4" status="PASS">
          <reporter-output>
          </reporter-output>
        </test-method> <!-- createcontactTest -->
        <test-method signature="modifycontactTEst()[pri:0, instance:pac1.ContactTest@1460a8c0]" started-at="2025-12-08T11:07:42 IST" name="modifycontactTEst" finished-at="2025-12-08T11:07:42 IST" duration-ms="0" status="PASS">
          <reporter-output>
          </reporter-output>
        </test-method> <!-- modifycontactTEst -->
      </class> <!-- pac1.ContactTest -->
      <class name="pac2.OrgTest">
        <test-method signature="createorgTest()[pri:0, instance:pac2.OrgTest@7ea37dbf]" started-at="2025-12-08T11:07:42 IST" name="createorgTest" finished-at="2025-12-08T11:07:42 IST" duration-ms="1" status="PASS">
          <reporter-output>
          </reporter-output>
        </test-method> <!-- createorgTest -->
        <test-method signature="modifyorgTEst()[pri:0, instance:pac2.OrgTest@7ea37dbf]" started-at="2025-12-08T11:07:42 IST" name="modifyorgTEst" finished-at="2025-12-08T11:07:42 IST" duration-ms="1" status="PASS">
          <reporter-output>
          </reporter-output>
        </test-method> <!-- modifyorgTEst -->
      </class> <!-- pac2.OrgTest -->
    </test> <!-- Surefire test -->
  </suite> <!-- Surefire suite -->
</testng-results>
